
> react-example@0.0.0 build
> vite build

[36mvite v6.4.1 [32mbuilding for production...[36m[39m
transforming...
[32m✓[39m 2124 modules transformed.
rendering chunks...
computing gzip size...
[2mdist/[22m[32mindex.html                        [39m[1m[2m  0.79 kB[22m[1m[22m[2m │ gzip:   0.36 kB[22m
[2mdist/[22m[35massets/index-DT_sywrP.css         [39m[1m[2m 79.96 kB[22m[1m[22m[2m │ gzip:  11.84 kB[22m
[2mdist/[22m[36massets/useFirestore-BYM32F_m.js   [39m[1m[2m  5.48 kB[22m[1m[22m[2m │ gzip:   2.13 kB[22m
[2mdist/[22m[36massets/Settings-BUHZrz1B.js       [39m[1m[2m  8.91 kB[22m[1m[22m[2m │ gzip:   2.78 kB[22m
[2mdist/[22m[36massets/SearchResults-0ZRcOOxt.js  [39m[1m[2m  9.21 kB[22m[1m[22m[2m │ gzip:   2.99 kB[22m
[2mdist/[22m[36massets/Directory-D9kKs0wF.js      [39m[1m[2m 11.35 kB[22m[1m[22m[2m │ gzip:   3.27 kB[22m
[2mdist/[22m[36massets/Detail-nbSvsFgd.js         [39m[1m[2m 11.38 kB[22m[1m[22m[2m │ gzip:   3.70 kB[22m
[2mdist/[22m[36massets/Login-CJEkokuN.js          [39m[1m[2m 13.24 kB[22m[1m[22m[2m │ gzip:   3.70 kB[22m
[2mdist/[22m[36massets/Dashboard-DGwmEHJi.js      [39m[1m[2m 13.64 kB[22m[1m[22m[2m │ gzip:   3.46 kB[22m
[2mdist/[22m[36massets/Home-C-tBkXeq.js           [39m[1m[2m 14.32 kB[22m[1m[22m[2m │ gzip:   3.83 kB[22m
[2mdist/[22m[36massets/Upload-BCXX49rc.js         [39m[1m[2m 19.67 kB[22m[1m[22m[2m │ gzip:   5.20 kB[22m
[2mdist/[22m[36massets/index-DWH2rh1d.js          [39m[1m[2m 21.97 kB[22m[1m[22m[2m │ gzip:   6.31 kB[22m
[2mdist/[22m[36massets/icons-D2nktP0y.js          [39m[1m[2m 23.27 kB[22m[1m[22m[2m │ gzip:   5.25 kB[22m
[2mdist/[22m[36massets/vendor-CClAM0iz.js         [39m[1m[2m 68.24 kB[22m[1m[22m[2m │ gzip:  23.17 kB[22m
[2mdist/[22m[36massets/motion-Cbfl5cNT.js         [39m[1m[2m127.88 kB[22m[1m[22m[2m │ gzip:  42.01 kB[22m
[2mdist/[22m[36massets/react-C9BmP58X.js          [39m[1m[2m193.81 kB[22m[1m[22m[2m │ gzip:  60.54 kB[22m
[2mdist/[22m[36massets/firebase-6Aa7axLA.js       [39m[1m[33m513.20 kB[39m[22m[2m │ gzip: 119.97 kB[22m
[33m
(!) Some chunks are larger than 500 kB after minification. Consider:
- Using dynamic import() to code-split the application
- Use build.rollupOptions.output.manualChunks to improve chunking: https://rollupjs.org/configuration-options/#output-manualchunks
- Adjust chunk size limit for this warning via build.chunkSizeWarningLimit.[39m
[32m✓ built in 14.45s[39m
