[debug] [2026-04-13T00:31:20.431Z] ----------------------------------------------------------------------
[debug] [2026-04-13T00:31:20.441Z] Command:       C:\nvm4w\nodejs\node.exe C:\nvm4w\nodejs\node_modules\firebase-tools\lib\bin\firebase.js deploy --only hosting --project lasustech-repository --non-interactive --debug
[debug] [2026-04-13T00:31:20.443Z] CLI Version:   15.14.0
[debug] [2026-04-13T00:31:20.444Z] Platform:      win32
[debug] [2026-04-13T00:31:20.444Z] Node Version:  v24.14.0
[debug] [2026-04-13T00:31:20.445Z] Time:          Mon Apr 13 2026 01:31:20 GMT+0100 (West Africa Time)
[debug] [2026-04-13T00:31:20.445Z] ----------------------------------------------------------------------
[debug] 
[debug] [2026-04-13T00:31:23.544Z] > command requires scopes: ["email","openid","https://www.googleapis.com/auth/cloudplatformprojects.readonly","https://www.googleapis.com/auth/firebase","https://www.googleapis.com/auth/cloud-platform"]
[debug] [2026-04-13T00:31:23.546Z] > authorizing via signed-in user (sonofadam612@gmail.com)
[debug] [2026-04-13T00:31:23.546Z] [iam] checking project lasustech-repository for permissions ["firebase.projects.get","firebasehosting.sites.update"]
[debug] [2026-04-13T00:31:23.549Z] Checked if tokens are valid: true, expires at: 1776043174013
[debug] [2026-04-13T00:31:23.550Z] Checked if tokens are valid: true, expires at: 1776043174013
[debug] [2026-04-13T00:31:23.552Z] >>> [apiv2][query] POST https://cloudresourcemanager.googleapis.com/v1/projects/lasustech-repository:testIamPermissions [none]
[debug] [2026-04-13T00:31:23.553Z] >>> [apiv2][(partial)header] POST https://cloudresourcemanager.googleapis.com/v1/projects/lasustech-repository:testIamPermissions  x-goog-user-project=lasustech-repository
[debug] [2026-04-13T00:31:23.553Z] >>> [apiv2][body] POST https://cloudresourcemanager.googleapis.com/v1/projects/lasustech-repository:testIamPermissions {"permissions":["firebase.projects.get","firebasehosting.sites.update"]}
[debug] [2026-04-13T00:31:27.025Z] <<< [apiv2][status] POST https://cloudresourcemanager.googleapis.com/v1/projects/lasustech-repository:testIamPermissions 200
[debug] [2026-04-13T00:31:27.029Z] <<< [apiv2][body] POST https://cloudresourcemanager.googleapis.com/v1/projects/lasustech-repository:testIamPermissions {"permissions":["firebase.projects.get","firebasehosting.sites.update"]}
[debug] [2026-04-13T00:31:27.031Z] Checked if tokens are valid: true, expires at: 1776043174013
[debug] [2026-04-13T00:31:27.068Z] Checked if tokens are valid: true, expires at: 1776043174013
[debug] [2026-04-13T00:31:27.097Z] >>> [apiv2][query] GET https://firebase.googleapis.com/v1beta1/projects/lasustech-repository [none]
[debug] [2026-04-13T00:31:28.998Z] <<< [apiv2][status] GET https://firebase.googleapis.com/v1beta1/projects/lasustech-repository 200
[debug] [2026-04-13T00:31:28.999Z] <<< [apiv2][body] GET https://firebase.googleapis.com/v1beta1/projects/lasustech-repository {"projectId":"lasustech-repository","projectNumber":"679123900694","displayName":"LASUSTECH-Repository","name":"projects/lasustech-repository","resources":{"hostingSite":"lasustech-repository"},"state":"ACTIVE","etag":"1_50088813-a274-451b-b2a3-23faa83637a2"}
[info] 
[info] === Deploying to 'lasustech-repository'...
[info] 
[info] i  deploying hosting 
[debug] [2026-04-13T00:31:29.019Z] Checked if tokens are valid: true, expires at: 1776043174013
[debug] [2026-04-13T00:31:29.020Z] Checked if tokens are valid: true, expires at: 1776043174013
[debug] [2026-04-13T00:31:29.021Z] >>> [apiv2][query] POST https://firebasehosting.googleapis.com/v1beta1/projects/-/sites/lasustech-repository-37148/versions [none]
[debug] [2026-04-13T00:31:29.025Z] >>> [apiv2][body] POST https://firebasehosting.googleapis.com/v1beta1/projects/-/sites/lasustech-repository-37148/versions {"status":"CREATED","labels":{"deployment-tool":"cli-firebase"}}
[debug] [2026-04-13T00:31:33.939Z] <<< [apiv2][status] POST https://firebasehosting.googleapis.com/v1beta1/projects/-/sites/lasustech-repository-37148/versions 200
[debug] [2026-04-13T00:31:33.941Z] <<< [apiv2][body] POST https://firebasehosting.googleapis.com/v1beta1/projects/-/sites/lasustech-repository-37148/versions {"name":"projects/679123900694/sites/lasustech-repository-37148/versions/c0960b60a4206d17","status":"CREATED","config":{},"labels":{"deployment-tool":"cli-firebase"}}
[info] i  hosting[lasustech-repository-37148]: beginning deploy... 
[info] i  hosting[lasustech-repository-37148]: found 3 files in dist 
[debug] [2026-04-13T00:31:34.003Z] [hosting] uploading with 200 concurrency
[debug] [2026-04-13T00:31:34.009Z] Checked if tokens are valid: true, expires at: 1776043174013
[debug] [2026-04-13T00:31:34.009Z] Checked if tokens are valid: true, expires at: 1776043174013
[debug] [2026-04-13T00:31:34.012Z] [hosting] hash cache [ZGlzdA] stored for 3 files
[debug] [2026-04-13T00:31:34.013Z] [hosting][hash queue][FINAL] {"max":2,"min":1,"avg":1,"active":0,"complete":3,"success":3,"errored":0,"retried":0,"total":3,"elapsed":6}
[debug] [2026-04-13T00:31:34.014Z] >>> [apiv2][query] POST https://firebasehosting.googleapis.com/v1beta1/projects/679123900694/sites/lasustech-repository-37148/versions/c0960b60a4206d17:populateFiles [none]
[debug] [2026-04-13T00:31:34.015Z] >>> [apiv2][body] POST https://firebasehosting.googleapis.com/v1beta1/projects/679123900694/sites/lasustech-repository-37148/versions/c0960b60a4206d17:populateFiles {"files":{"/index.html":"8480e2d6efbf771e0a12c1d836b97df2222a292ec7ed0ed98d8ff6cb29275318","/assets/index-DS7SwMXi.css":"c234bfeb130147245abc822c7baffc6ef9ecc5e00741634f76626d687337bdc9","/assets/index-BRyVOMnv.js":"9212299100d98923bc9b086a8c29e9ceae29ee98977842e1863e67468c44d1d3"}}
[debug] [2026-04-13T00:31:35.739Z] <<< [apiv2][status] POST https://firebasehosting.googleapis.com/v1beta1/projects/679123900694/sites/lasustech-repository-37148/versions/c0960b60a4206d17:populateFiles 200
[debug] [2026-04-13T00:31:35.740Z] <<< [apiv2][body] POST https://firebasehosting.googleapis.com/v1beta1/projects/679123900694/sites/lasustech-repository-37148/versions/c0960b60a4206d17:populateFiles {"uploadRequiredHashes":["8480e2d6efbf771e0a12c1d836b97df2222a292ec7ed0ed98d8ff6cb29275318","c234bfeb130147245abc822c7baffc6ef9ecc5e00741634f76626d687337bdc9","9212299100d98923bc9b086a8c29e9ceae29ee98977842e1863e67468c44d1d3"],"uploadUrl":"https://upload-firebasehosting.googleapis.com/upload/sites/lasustech-repository-37148/versions/c0960b60a4206d17/files"}
[debug] [2026-04-13T00:31:35.745Z] Checked if tokens are valid: true, expires at: 1776043174013
[debug] [2026-04-13T00:31:35.746Z] Checked if tokens are valid: true, expires at: 1776043174013
[debug] [2026-04-13T00:31:35.748Z] Checked if tokens are valid: true, expires at: 1776043174013
[debug] [2026-04-13T00:31:35.749Z] Checked if tokens are valid: true, expires at: 1776043174013
[debug] [2026-04-13T00:31:35.751Z] Checked if tokens are valid: true, expires at: 1776043174013
[debug] [2026-04-13T00:31:35.752Z] Checked if tokens are valid: true, expires at: 1776043174013
[debug] [2026-04-13T00:31:35.753Z] >>> [apiv2][query] POST https://upload-firebasehosting.googleapis.com/upload/sites/lasustech-repository-37148/versions/c0960b60a4206d17/files/8480e2d6efbf771e0a12c1d836b97df2222a292ec7ed0ed98d8ff6cb29275318 [none]
[debug] [2026-04-13T00:31:35.755Z] >>> [apiv2][body] POST https://upload-firebasehosting.googleapis.com/upload/sites/lasustech-repository-37148/versions/c0960b60a4206d17/files/8480e2d6efbf771e0a12c1d836b97df2222a292ec7ed0ed98d8ff6cb29275318 [stream]
[debug] [2026-04-13T00:31:35.765Z] >>> [apiv2][query] POST https://upload-firebasehosting.googleapis.com/upload/sites/lasustech-repository-37148/versions/c0960b60a4206d17/files/c234bfeb130147245abc822c7baffc6ef9ecc5e00741634f76626d687337bdc9 [none]
[debug] [2026-04-13T00:31:35.767Z] >>> [apiv2][body] POST https://upload-firebasehosting.googleapis.com/upload/sites/lasustech-repository-37148/versions/c0960b60a4206d17/files/c234bfeb130147245abc822c7baffc6ef9ecc5e00741634f76626d687337bdc9 [stream]
[debug] [2026-04-13T00:31:35.775Z] >>> [apiv2][query] POST https://upload-firebasehosting.googleapis.com/upload/sites/lasustech-repository-37148/versions/c0960b60a4206d17/files/9212299100d98923bc9b086a8c29e9ceae29ee98977842e1863e67468c44d1d3 [none]
[debug] [2026-04-13T00:31:35.783Z] >>> [apiv2][body] POST https://upload-firebasehosting.googleapis.com/upload/sites/lasustech-repository-37148/versions/c0960b60a4206d17/files/9212299100d98923bc9b086a8c29e9ceae29ee98977842e1863e67468c44d1d3 [stream]
[debug] [2026-04-13T00:31:35.790Z] [hosting][populate queue][FINAL] {"max":1743,"min":1743,"avg":1743,"active":0,"complete":1,"success":1,"errored":0,"retried":0,"total":1,"elapsed":1781}
[debug] [2026-04-13T00:31:35.791Z] [hosting] uploads queued: 3
[info] i  hosting: uploading new files [0/3] (0%) 
[info] i  hosting: uploading new files [0/3] (0%) 
[debug] [2026-04-13T00:31:39.113Z] <<< [apiv2][status] POST https://upload-firebasehosting.googleapis.com/upload/sites/lasustech-repository-37148/versions/c0960b60a4206d17/files/8480e2d6efbf771e0a12c1d836b97df2222a292ec7ed0ed98d8ff6cb29275318 200
[debug] [2026-04-13T00:31:39.114Z] <<< [apiv2][body] POST https://upload-firebasehosting.googleapis.com/upload/sites/lasustech-repository-37148/versions/c0960b60a4206d17/files/8480e2d6efbf771e0a12c1d836b97df2222a292ec7ed0ed98d8ff6cb29275318 [stream]
[debug] [2026-04-13T00:31:39.591Z] <<< [apiv2][status] POST https://upload-firebasehosting.googleapis.com/upload/sites/lasustech-repository-37148/versions/c0960b60a4206d17/files/c234bfeb130147245abc822c7baffc6ef9ecc5e00741634f76626d687337bdc9 200
[debug] [2026-04-13T00:31:39.592Z] <<< [apiv2][body] POST https://upload-firebasehosting.googleapis.com/upload/sites/lasustech-repository-37148/versions/c0960b60a4206d17/files/c234bfeb130147245abc822c7baffc6ef9ecc5e00741634f76626d687337bdc9 [stream]
[info] i  hosting: uploading new files [2/3] (66%) 
[info] i  hosting: uploading new files [2/3] (66%) 
[info] i  hosting: uploading new files [2/3] (66%) 
[debug] [2026-04-13T00:31:44.964Z] <<< [apiv2][status] POST https://upload-firebasehosting.googleapis.com/upload/sites/lasustech-repository-37148/versions/c0960b60a4206d17/files/9212299100d98923bc9b086a8c29e9ceae29ee98977842e1863e67468c44d1d3 200
[debug] [2026-04-13T00:31:44.965Z] <<< [apiv2][body] POST https://upload-firebasehosting.googleapis.com/upload/sites/lasustech-repository-37148/versions/c0960b60a4206d17/files/9212299100d98923bc9b086a8c29e9ceae29ee98977842e1863e67468c44d1d3 [stream]
[debug] [2026-04-13T00:31:44.966Z] [hosting][upload queue][FINAL] {"max":9216,"min":3374,"avg":5479,"active":0,"complete":3,"success":3,"errored":0,"retried":0,"total":3,"elapsed":9224}
[info] i  hosting: upload complete 
[info] +  hosting[lasustech-repository-37148]: file upload complete 
[debug] [2026-04-13T00:31:44.969Z] [hosting] deploy completed after 11010ms
[debug] [2026-04-13T00:31:44.972Z] [
  {
    "config": {
      "site": "lasustech-repository-37148",
      "public": "dist",
      "ignore": [
        "firebase.json",
        "**/.*",
        "**/node_modules/**"
      ],
      "rewrites": [
        {
          "source": "**",
          "destination": "/index.html"
        }
      ]
    },
    "version": "projects/679123900694/sites/lasustech-repository-37148/versions/c0960b60a4206d17"
  }
]
[info] i  hosting[lasustech-repository-37148]: finalizing version... 
[debug] [2026-04-13T00:31:44.985Z] Checked if tokens are valid: true, expires at: 1776043174013
[debug] [2026-04-13T00:31:44.994Z] Checked if tokens are valid: true, expires at: 1776043174013
[debug] [2026-04-13T00:31:44.995Z] >>> [apiv2][query] PATCH https://firebasehosting.googleapis.com/v1beta1/projects/-/sites/lasustech-repository-37148/versions/c0960b60a4206d17 updateMask=status%2Cconfig
[debug] [2026-04-13T00:31:44.998Z] >>> [apiv2][body] PATCH https://firebasehosting.googleapis.com/v1beta1/projects/-/sites/lasustech-repository-37148/versions/c0960b60a4206d17 {"status":"FINALIZED","config":{"rewrites":[{"glob":"**","path":"/index.html"}]}}
[debug] [2026-04-13T00:31:48.120Z] <<< [apiv2][status] PATCH https://firebasehosting.googleapis.com/v1beta1/projects/-/sites/lasustech-repository-37148/versions/c0960b60a4206d17 200
[debug] [2026-04-13T00:31:48.121Z] <<< [apiv2][body] PATCH https://firebasehosting.googleapis.com/v1beta1/projects/-/sites/lasustech-repository-37148/versions/c0960b60a4206d17 {"name":"projects/679123900694/sites/lasustech-repository-37148/versions/c0960b60a4206d17","status":"FINALIZED","config":{"rewrites":[{"glob":"**","path":"/index.html"}]},"labels":{"deployment-tool":"cli-firebase"},"createTime":"2026-04-13T00:31:29.666881Z","createUser":{"email":"sonofadam612@gmail.com"},"finalizeTime":"2026-04-13T00:31:45.317473Z","finalizeUser":{"email":"sonofadam612@gmail.com"}}
[debug] [2026-04-13T00:31:48.122Z] [hosting] finalized version for lasustech-repository-37148:[object Object]
[info] +  hosting[lasustech-repository-37148]: version finalized 
[info] i  hosting[lasustech-repository-37148]: releasing new version... 
[debug] [2026-04-13T00:31:48.125Z] Checked if tokens are valid: true, expires at: 1776043174013
[debug] [2026-04-13T00:31:48.126Z] Checked if tokens are valid: true, expires at: 1776043174013
[debug] [2026-04-13T00:31:48.127Z] >>> [apiv2][query] POST https://firebasehosting.googleapis.com/v1beta1/projects/-/sites/lasustech-repository-37148/channels/live/releases versionName=projects%2F679123900694%2Fsites%2Flasustech-repository-37148%2Fversions%2Fc0960b60a4206d17
[debug] [2026-04-13T00:31:48.128Z] >>> [apiv2][body] POST https://firebasehosting.googleapis.com/v1beta1/projects/-/sites/lasustech-repository-37148/channels/live/releases {}
[debug] [2026-04-13T00:31:49.911Z] <<< [apiv2][status] POST https://firebasehosting.googleapis.com/v1beta1/projects/-/sites/lasustech-repository-37148/channels/live/releases 200
